[Wed Mar 04 12:14:06.283659 2026] [ssl:warn] [pid 148:tid 240] AH01909: www.example.com:443:0 server certificate does NOT include an ID which matches the server name
[Wed Mar 04 12:14:06.370591 2026] [ssl:warn] [pid 148:tid 240] AH01909: www.example.com:443:0 server certificate does NOT include an ID which matches the server name
[Wed Mar 04 12:14:06.485850 2026] [mpm_winnt:notice] [pid 148:tid 240] AH00455: Apache/2.4.58 (Win64) OpenSSL/3.1.3 PHP/8.2.12 configured -- resuming normal operations
[Wed Mar 04 12:14:06.485850 2026] [mpm_winnt:notice] [pid 148:tid 240] AH00456: Apache Lounge VS17 Server built: Oct 18 2023 13:03:18
[Wed Mar 04 12:14:06.485850 2026] [core:notice] [pid 148:tid 240] AH00094: Command line: 'C:\\xampp\\apache\\bin\\httpd.exe -d C:/xampp/apache'
[Wed Mar 04 12:14:06.496177 2026] [mpm_winnt:notice] [pid 148:tid 240] AH00418: Parent: Created child process 13436
[Wed Mar 04 12:14:07.353914 2026] [ssl:warn] [pid 13436:tid 440] AH01909: www.example.com:443:0 server certificate does NOT include an ID which matches the server name
[Wed Mar 04 12:14:07.414619 2026] [ssl:warn] [pid 13436:tid 440] AH01909: www.example.com:443:0 server certificate does NOT include an ID which matches the server name
[Wed Mar 04 12:14:07.493227 2026] [mpm_winnt:notice] [pid 13436:tid 440] AH00354: Child: Starting 150 worker threads.
[Wed Mar 04 12:14:58.610545 2026] [ssl:warn] [pid 7852:tid 448] AH01909: www.example.com:443:0 server certificate does NOT include an ID which matches the server name
[Wed Mar 04 12:14:58.695340 2026] [ssl:warn] [pid 7852:tid 448] AH01909: www.example.com:443:0 server certificate does NOT include an ID which matches the server name
[Wed Mar 04 12:14:58.784233 2026] [mpm_winnt:notice] [pid 7852:tid 448] AH00455: Apache/2.4.58 (Win64) OpenSSL/3.1.3 PHP/8.2.12 configured -- resuming normal operations
[Wed Mar 04 12:14:58.784233 2026] [mpm_winnt:notice] [pid 7852:tid 448] AH00456: Apache Lounge VS17 Server built: Oct 18 2023 13:03:18
[Wed Mar 04 12:14:58.784233 2026] [core:notice] [pid 7852:tid 448] AH00094: Command line: 'c:\\xampp\\apache\\bin\\httpd.exe -d C:/xampp/apache'
[Wed Mar 04 12:14:58.796270 2026] [mpm_winnt:notice] [pid 7852:tid 448] AH00418: Parent: Created child process 10196
[Wed Mar 04 12:14:59.514081 2026] [ssl:warn] [pid 10196:tid 448] AH01909: www.example.com:443:0 server certificate does NOT include an ID which matches the server name
[Wed Mar 04 12:14:59.575045 2026] [ssl:warn] [pid 10196:tid 448] AH01909: www.example.com:443:0 server certificate does NOT include an ID which matches the server name
[Wed Mar 04 12:14:59.650094 2026] [mpm_winnt:notice] [pid 10196:tid 448] AH00354: Child: Starting 150 worker threads.
[Thu Mar 05 10:17:32.019822 2026] [ssl:warn] [pid 1628:tid 424] AH01909: www.example.com:443:0 server certificate does NOT include an ID which matches the server name
[Thu Mar 05 10:17:32.051104 2026] [core:warn] [pid 1628:tid 424] AH00098: pid file C:/xampp/apache/logs/httpd.pid overwritten -- Unclean shutdown of previous Apache run?
[Thu Mar 05 10:17:32.051104 2026] [ssl:warn] [pid 1628:tid 424] AH01909: www.example.com:443:0 server certificate does NOT include an ID which matches the server name
[Thu Mar 05 10:17:32.472837 2026] [mpm_winnt:notice] [pid 1628:tid 424] AH00455: Apache/2.4.58 (Win64) OpenSSL/3.1.3 PHP/8.2.12 configured -- resuming normal operations
[Thu Mar 05 10:17:32.472837 2026] [mpm_winnt:notice] [pid 1628:tid 424] AH00456: Apache Lounge VS17 Server built: Oct 18 2023 13:03:18
[Thu Mar 05 10:17:32.472837 2026] [core:notice] [pid 1628:tid 424] AH00094: Command line: 'c:\\xampp\\apache\\bin\\httpd.exe -d C:/xampp/apache'
[Thu Mar 05 10:17:32.472837 2026] [mpm_winnt:notice] [pid 1628:tid 424] AH00418: Parent: Created child process 11912
[Thu Mar 05 10:17:33.144553 2026] [ssl:warn] [pid 11912:tid 428] AH01909: www.example.com:443:0 server certificate does NOT include an ID which matches the server name
[Thu Mar 05 10:17:33.204146 2026] [ssl:warn] [pid 11912:tid 428] AH01909: www.example.com:443:0 server certificate does NOT include an ID which matches the server name
[Thu Mar 05 10:17:33.281459 2026] [mpm_winnt:notice] [pid 11912:tid 428] AH00354: Child: Starting 150 worker threads.
[Fri Mar 06 10:23:13.464393 2026] [ssl:warn] [pid 7916:tid 436] AH01909: www.example.com:443:0 server certificate does NOT include an ID which matches the server name
[Fri Mar 06 10:23:13.541789 2026] [core:warn] [pid 7916:tid 436] AH00098: pid file C:/xampp/apache/logs/httpd.pid overwritten -- Unclean shutdown of previous Apache run?
[Fri Mar 06 10:23:13.547910 2026] [ssl:warn] [pid 7916:tid 436] AH01909: www.example.com:443:0 server certificate does NOT include an ID which matches the server name
[Fri Mar 06 10:23:14.453236 2026] [mpm_winnt:notice] [pid 7916:tid 436] AH00455: Apache/2.4.58 (Win64) OpenSSL/3.1.3 PHP/8.2.12 configured -- resuming normal operations
[Fri Mar 06 10:23:14.453236 2026] [mpm_winnt:notice] [pid 7916:tid 436] AH00456: Apache Lounge VS17 Server built: Oct 18 2023 13:03:18
[Fri Mar 06 10:23:14.453236 2026] [core:notice] [pid 7916:tid 436] AH00094: Command line: 'c:\\xampp\\apache\\bin\\httpd.exe -d C:/xampp/apache'
[Fri Mar 06 10:23:14.461871 2026] [mpm_winnt:notice] [pid 7916:tid 436] AH00418: Parent: Created child process 11688
[Fri Mar 06 10:23:14.979491 2026] [ssl:warn] [pid 11688:tid 464] AH01909: www.example.com:443:0 server certificate does NOT include an ID which matches the server name
