2026-03-04 12:15:01 0 [Note] Starting MariaDB 10.4.32-MariaDB source revision c4143f909528e3fab0677a28631d10389354c491 as process 14684
2026-03-04 12:15:01 0 [Note] InnoDB: Mutexes and rw_locks use Windows interlocked functions
2026-03-04 12:15:01 0 [Note] InnoDB: Uses event mutexes
2026-03-04 12:15:01 0 [Note] InnoDB: Compressed tables use zlib 1.3
2026-03-04 12:15:01 0 [Note] InnoDB: Number of pools: 1
2026-03-04 12:15:01 0 [Note] InnoDB: Using SSE2 crc32 instructions
2026-03-04 12:15:01 0 [Note] InnoDB: Initializing buffer pool, total size = 16M, instances = 1, chunk size = 16M
2026-03-04 12:15:01 0 [Note] InnoDB: Completed initialization of buffer pool
2026-03-04 12:15:01 0 [Note] InnoDB: Starting crash recovery from checkpoint LSN=300288
2026-03-04 12:15:01 0 [Note] InnoDB: 128 out of 128 rollback segments are active.
2026-03-04 12:15:01 0 [Note] InnoDB: Removed temporary tablespace data file: "ibtmp1"
2026-03-04 12:15:01 0 [Note] InnoDB: Creating shared tablespace for temporary tables
2026-03-04 12:15:01 0 [Note] InnoDB: Setting file 'C:\xampp\mysql\data\ibtmp1' size to 12 MB. Physically writing the file full; Please wait ...
2026-03-04 12:15:01 0 [Note] InnoDB: File 'C:\xampp\mysql\data\ibtmp1' size is now 12 MB.
2026-03-04 12:15:01 0 [Note] InnoDB: Waiting for purge to start
2026-03-04 12:15:01 0 [Note] InnoDB: 10.4.32 started; log sequence number 300297; transaction id 170
2026-03-04 12:15:01 0 [Note] InnoDB: Loading buffer pool(s) from C:\xampp\mysql\data\ib_buffer_pool
2026-03-04 12:15:01 0 [Note] Plugin 'FEEDBACK' is disabled.
2026-03-04 12:15:01 0 [Note] InnoDB: Buffer pool(s) load completed at 260304 12:15:01
2026-03-04 12:15:01 0 [Note] Server socket created on IP: '::'.
2026-03-05 10:17:32 0 [Note] Starting MariaDB 10.4.32-MariaDB source revision c4143f909528e3fab0677a28631d10389354c491 as process 6768
2026-03-05 10:17:32 0 [Note] InnoDB: Mutexes and rw_locks use Windows interlocked functions
2026-03-05 10:17:32 0 [Note] InnoDB: Uses event mutexes
2026-03-05 10:17:32 0 [Note] InnoDB: Compressed tables use zlib 1.3
2026-03-05 10:17:32 0 [Note] InnoDB: Number of pools: 1
2026-03-05 10:17:32 0 [Note] InnoDB: Using SSE2 crc32 instructions
2026-03-05 10:17:32 0 [Note] InnoDB: Initializing buffer pool, total size = 16M, instances = 1, chunk size = 16M
2026-03-05 10:17:32 0 [Note] InnoDB: Completed initialization of buffer pool
2026-03-05 10:17:32 0 [Note] InnoDB: Starting crash recovery from checkpoint LSN=300306
2026-03-05 10:17:32 0 [Note] InnoDB: 128 out of 128 rollback segments are active.
2026-03-05 10:17:32 0 [Note] InnoDB: Removed temporary tablespace data file: "ibtmp1"
2026-03-05 10:17:32 0 [Note] InnoDB: Creating shared tablespace for temporary tables
2026-03-05 10:17:32 0 [Note] InnoDB: Setting file 'C:\xampp\mysql\data\ibtmp1' size to 12 MB. Physically writing the file full; Please wait ...
2026-03-05 10:17:32 0 [Note] InnoDB: File 'C:\xampp\mysql\data\ibtmp1' size is now 12 MB.
2026-03-05 10:17:32 0 [Note] InnoDB: Waiting for purge to start
2026-03-05 10:17:32 0 [Note] InnoDB: 10.4.32 started; log sequence number 300315; transaction id 170
2026-03-05 10:17:32 0 [Note] InnoDB: Loading buffer pool(s) from C:\xampp\mysql\data\ib_buffer_pool
2026-03-05 10:17:32 0 [Note] Plugin 'FEEDBACK' is disabled.
2026-03-05 10:17:32 0 [Note] InnoDB: Buffer pool(s) load completed at 260305 10:17:32
2026-03-05 10:17:33 0 [Note] Server socket created on IP: '::'.
2026-03-06 10:23:12 0 [Note] Starting MariaDB 10.4.32-MariaDB source revision c4143f909528e3fab0677a28631d10389354c491 as process 840
2026-03-06 10:23:12 0 [Note] InnoDB: Mutexes and rw_locks use Windows interlocked functions
2026-03-06 10:23:12 0 [Note] InnoDB: Uses event mutexes
2026-03-06 10:23:12 0 [Note] InnoDB: Compressed tables use zlib 1.3
2026-03-06 10:23:12 0 [Note] InnoDB: Number of pools: 1
2026-03-06 10:23:12 0 [Note] InnoDB: Using SSE2 crc32 instructions
2026-03-06 10:23:12 0 [Note] InnoDB: Initializing buffer pool, total size = 16M, instances = 1, chunk size = 16M
2026-03-06 10:23:12 0 [Note] InnoDB: Completed initialization of buffer pool
2026-03-06 10:23:12 0 [Note] InnoDB: Starting crash recovery from checkpoint LSN=300324
2026-03-06 10:23:13 0 [Note] InnoDB: 128 out of 128 rollback segments are active.
2026-03-06 10:23:13 0 [Note] InnoDB: Removed temporary tablespace data file: "ibtmp1"
2026-03-06 10:23:13 0 [Note] InnoDB: Creating shared tablespace for temporary tables
2026-03-06 10:23:13 0 [Note] InnoDB: Setting file 'C:\xampp\mysql\data\ibtmp1' size to 12 MB. Physically writing the file full; Please wait ...
2026-03-06 10:23:13 0 [Note] InnoDB: File 'C:\xampp\mysql\data\ibtmp1' size is now 12 MB.
2026-03-06 10:23:13 0 [Note] InnoDB: Waiting for purge to start
2026-03-06 10:23:13 0 [Note] InnoDB: 10.4.32 started; log sequence number 300333; transaction id 170
2026-03-06 10:23:13 0 [Note] InnoDB: Loading buffer pool(s) from C:\xampp\mysql\data\ib_buffer_pool
2026-03-06 10:23:13 0 [Note] Plugin 'FEEDBACK' is disabled.
2026-03-06 10:23:13 0 [Note] InnoDB: Buffer pool(s) load completed at 260306 10:23:13
2026-03-06 10:23:13 0 [Note] Server socket created on IP: '::'.
